<?xml version="1.0" encoding="UTF-8"?>
<!-- Generated by org.testng.reporters.JUnitReportReporter -->
<testsuite skipped="0" hostname="STBKW42SLPC3574" name="com.zenfulcrum.testcases.ProjCreationTest" tests="1" failures="0" timestamp="2022-01-17T16:51:01 IST" time="17.550" errors="0">
  <testcase name="projCreation" time="17.550" classname="com.zenfulcrum.testcases.ProjCreationTest"/>
  <system-out/>
</testsuite> <!-- com.zenfulcrum.testcases.ProjCreationTest -->
