<?xml version="1.0" encoding="UTF-8"?>
<!-- Generated by org.testng.reporters.JUnitReportReporter -->
<testsuite hostname="DIGIW42SLPC5096" failures="0" tests="1" name="com.google.testcases.GoogleTest" time="14.173" errors="0" timestamp="2022-03-10T16:18:39 IST" skipped="0">
  <testcase classname="com.google.testcases.GoogleTest" name="loginTest" time="14.173"/>
  <system-out/>
</testsuite> <!-- com.google.testcases.GoogleTest -->
