<?xml version="1.0" encoding="UTF-8"?>
<!-- Generated by org.testng.reporters.JUnitReportReporter -->
<testsuite skipped="0" hostname="CDATW49ZLPC0037" name="com.zenfulcrum.testcases.LoginDemoPageTest" tests="1" failures="0" timestamp="2021-12-23T16:39:15 IST" time="9.080" errors="0">
  <testcase name="LoginDemoPageTest" time="9.080" classname="com.zenfulcrum.testcases.LoginDemoPageTest"/>
  <system-out/>
</testsuite> <!-- com.zenfulcrum.testcases.LoginDemoPageTest -->
