<?xml version="1.0" encoding="UTF-8"?>
<!-- Generated by org.testng.reporters.JUnitReportReporter -->
<testsuite skipped="0" hostname="STBKW42SLPC3574" name="com.zenfulcrum.testcases.LoginTest" tests="3" failures="0" timestamp="2022-01-20T14:45:34 IST" time="39.193" errors="0">
  <testcase name="loginTest" time="20.757" classname="com.zenfulcrum.testcases.LoginTest"/>
  <system-out/>
  <testcase name="verifyTitle" time="8.745" classname="com.zenfulcrum.testcases.LoginTest"/>
  <system-out/>
  <testcase name="verifyLogo" time="9.691" classname="com.zenfulcrum.testcases.LoginTest"/>
  <system-out/>
</testsuite> <!-- com.zenfulcrum.testcases.LoginTest -->
